<?xml version="1.0" encoding="UTF-8"?>
<!-- Generated by org.testng.reporters.JUnitReportReporter -->
<testsuite skipped="0" hostname="LAPTOP-69PURTCF" name="com.testCases.OwnersHomePageTest" tests="4" failures="0" timestamp="22 Mar 2018 23:01:12 GMT" time="29.583" errors="0">
  <testcase name="globalLogoTest" time="6.084" classname="com.testCases.OwnersHomePageTest"/>
  <testcase name="globalFooterTest" time="6.586" classname="com.testCases.OwnersHomePageTest"/>
  <testcase name="titleTest" time="6.106" classname="com.testCases.OwnersHomePageTest"/>
  <testcase name="searchboxPresentTest" time="10.807" classname="com.testCases.OwnersHomePageTest"/>
</testsuite> <!-- com.testCases.OwnersHomePageTest -->
