<?xml version="1.0" encoding="UTF-8"?>
<!-- Generated by org.testng.reporters.JUnitReportReporter -->
<testsuite skipped="0" hostname="LAPTOP-69PURTCF" name="com.testCases.OwnersHomePageTest" tests="1" failures="0" timestamp="21 Mar 2018 18:44:18 GMT" time="8.501" errors="0">
  <testcase name="globalLogoTest" time="8.501" classname="com.testCases.OwnersHomePageTest"/>
</testsuite> <!-- com.testCases.OwnersHomePageTest -->
