<?xml version="1.0" encoding="UTF-8"?>
<!-- Generated by org.testng.reporters.JUnitReportReporter -->
<testsuite skipped="0" hostname="LAPTOP-69PURTCF" name="com.testCases.Test1" tests="1" failures="0" timestamp="21 Mar 2018 18:44:18 GMT" time="0.001" errors="0">
  <testcase name="test1" time="0.001" classname="com.testCases.Test1"/>
</testsuite> <!-- com.testCases.Test1 -->
